[2018-04-01 13:36:55.329] [exthost1] [info] extension host started
[2018-04-01 13:36:55.388] [exthost1] [info] ExtensionService#_doActivateExtension vscode.emmet {"startup":true,"activationEvent":"*"}
[2018-04-01 13:36:55.389] [exthost1] [info] ExtensionService#loadCommonJSModule /usr/share/code/resources/app/extensions/emmet/out/extension
[2018-04-01 13:36:55.541] [exthost1] [info] ExtensionService#_doActivateExtension vscode.git {"startup":true,"activationEvent":"*"}
[2018-04-01 13:36:55.541] [exthost1] [info] ExtensionService#loadCommonJSModule /usr/share/code/resources/app/extensions/git/out/main
[2018-04-01 13:36:55.732] [exthost1] [info] ExtensionService#_doActivateExtension vscode.merge-conflict {"startup":true,"activationEvent":"*"}
[2018-04-01 13:36:55.732] [exthost1] [info] ExtensionService#loadCommonJSModule /usr/share/code/resources/app/extensions/merge-conflict/out/extension
[2018-04-01 13:36:55.755] [exthost1] [info] eager extensions activated
[2018-04-01 13:37:54.429] [exthost1] [info] ExtensionService#_doActivateExtension vscode.typescript-language-features {"startup":false,"activationEvent":"onLanguage:javascript"}
[2018-04-01 13:37:54.429] [exthost1] [info] ExtensionService#loadCommonJSModule /usr/share/code/resources/app/extensions/typescript/out/extension
[2018-04-01 13:37:55.295] [exthost1] [info] ExtensionService#_doActivateExtension AndrewRazumovsky.vscode-styled-jsx-languageserver {"startup":false,"activationEvent":"onLanguage:javascript"}
[2018-04-01 13:37:55.295] [exthost1] [info] ExtensionService#loadCommonJSModule /root/.vscode/extensions/AndrewRazumovsky.vscode-styled-jsx-languageserver-1.0.0/client/out/extension
[2018-04-01 13:37:55.571] [exthost1] [info] ExtensionService#_doActivateExtension NuclleaR.vscode-extension-auto-import {"startup":false,"activationEvent":"onLanguage:javascript"}
[2018-04-01 13:37:55.571] [exthost1] [info] ExtensionService#loadCommonJSModule /root/.vscode/extensions/NuclleaR.vscode-extension-auto-import-1.4.1/out/src/extension
[2018-04-01 13:38:03.996] [exthost1] [info] ExtensionService#_doActivateExtension vscode.extension-editing {"startup":false,"activationEvent":"onLanguage:typescript"}
[2018-04-01 13:38:03.996] [exthost1] [info] ExtensionService#loadCommonJSModule /usr/share/code/resources/app/extensions/extension-editing/out/extension
[2018-04-01 14:10:55.033] [exthost1] [info] ExtensionService#_doActivateExtension vscode.css {"startup":false,"activationEvent":"onLanguage:css"}
[2018-04-01 14:10:55.033] [exthost1] [info] ExtensionService#loadCommonJSModule /usr/share/code/resources/app/extensions/css/client/out/cssMain
[2018-04-01 14:30:37.182] [exthost1] [info] ExtensionService#_doActivateExtension vscode.html {"startup":false,"activationEvent":"onLanguage:html"}
[2018-04-01 14:30:37.182] [exthost1] [info] ExtensionService#loadCommonJSModule /usr/share/code/resources/app/extensions/html/client/out/htmlMain
[2018-04-01 15:12:01.014] [exthost1] [info] extension host started
[2018-04-01 15:12:01.080] [exthost1] [info] ExtensionService#_doActivateExtension vscode.emmet {"startup":true,"activationEvent":"*"}
[2018-04-01 15:12:01.080] [exthost1] [info] ExtensionService#loadCommonJSModule /usr/share/code/resources/app/extensions/emmet/out/extension
[2018-04-01 15:12:01.251] [exthost1] [info] ExtensionService#_doActivateExtension vscode.git {"startup":true,"activationEvent":"*"}
[2018-04-01 15:12:01.251] [exthost1] [info] ExtensionService#loadCommonJSModule /usr/share/code/resources/app/extensions/git/out/main
[2018-04-01 15:12:01.611] [exthost1] [info] ExtensionService#_doActivateExtension vscode.merge-conflict {"startup":true,"activationEvent":"*"}
[2018-04-01 15:12:01.611] [exthost1] [info] ExtensionService#loadCommonJSModule /usr/share/code/resources/app/extensions/merge-conflict/out/extension
[2018-04-01 15:12:01.676] [exthost1] [info] eager extensions activated
[2018-04-01 15:12:01.681] [exthost1] [info] ExtensionService#_doActivateExtension vscode.typescript-language-features {"startup":false,"activationEvent":"onLanguage:javascript"}
[2018-04-01 15:12:01.681] [exthost1] [info] ExtensionService#loadCommonJSModule /usr/share/code/resources/app/extensions/typescript/out/extension
[2018-04-01 15:12:01.929] [exthost1] [info] ExtensionService#_doActivateExtension AndrewRazumovsky.vscode-styled-jsx-languageserver {"startup":false,"activationEvent":"onLanguage:javascript"}
[2018-04-01 15:12:01.929] [exthost1] [info] ExtensionService#loadCommonJSModule /root/.vscode/extensions/AndrewRazumovsky.vscode-styled-jsx-languageserver-1.0.0/client/out/extension
[2018-04-01 15:12:02.033] [exthost1] [info] ExtensionService#_doActivateExtension NuclleaR.vscode-extension-auto-import {"startup":false,"activationEvent":"onLanguage:javascript"}
[2018-04-01 15:12:02.033] [exthost1] [info] ExtensionService#loadCommonJSModule /root/.vscode/extensions/NuclleaR.vscode-extension-auto-import-1.4.1/out/src/extension
[2018-04-01 15:12:36.142] [exthost1] [info] ExtensionService#_doActivateExtension vscode.extension-editing {"startup":false,"activationEvent":"onLanguage:typescript"}
[2018-04-01 15:12:36.142] [exthost1] [info] ExtensionService#loadCommonJSModule /usr/share/code/resources/app/extensions/extension-editing/out/extension
[2018-04-01 15:23:01.565] [exthost1] [info] ExtensionService#_doActivateExtension vscode.css {"startup":false,"activationEvent":"onLanguage:css"}
[2018-04-01 15:23:01.565] [exthost1] [info] ExtensionService#loadCommonJSModule /usr/share/code/resources/app/extensions/css/client/out/cssMain
[2018-04-01 15:26:17.610] [exthost1] [info] ExtensionService#_doActivateExtension vscode.html {"startup":false,"activationEvent":"onLanguage:html"}
[2018-04-01 15:26:17.610] [exthost1] [info] ExtensionService#loadCommonJSModule /usr/share/code/resources/app/extensions/html/client/out/htmlMain
