[Info  - 1:37:55 PM] Using tsserver from: /usr/share/code/resources/app/extensions/node_modules/typescript/lib
[Info  - 1:37:55 PM] Forking TSServer
PATH: /usr/local/sbin:/usr/local/bin:/usr/sbin:/usr/bin:/sbin:/bin:/usr/games:/usr/local/games
[Info  - 1:37:56 PM] Started TSServer
[Error  - 1:49:15 PM] 'occurrences' request failed with error.
Error processing request. Debug Failure. False expression.
Error: Debug Failure. False expression.
    at addIndirectUser (/usr/share/code/resources/app/extensions/node_modules/typescript/lib/tsserver.js:69208:26)
    at handleDirectImports (/usr/share/code/resources/app/extensions/node_modules/typescript/lib/tsserver.js:69173:37)
    at getImportersForExport (/usr/share/code/resources/app/extensions/node_modules/typescript/lib/tsserver.js:69126:13)
    at State.importTracker (/usr/share/code/resources/app/extensions/node_modules/typescript/lib/tsserver.js:69103:26)
    at State.getImportSearches (/usr/share/code/resources/app/extensions/node_modules/typescript/lib/tsserver.js:69967:33)
    at searchForImportsOfExport (/usr/share/code/resources/app/extensions/node_modules/typescript/lib/tsserver.js:70003:32)
    at getImportOrExportReferences (/usr/share/code/resources/app/extensions/node_modules/typescript/lib/tsserver.js:70293:21)
    at getReferencesAtLocation (/usr/share/code/resources/app/extensions/node_modules/typescript/lib/tsserver.js:70231:17)
    at getReferencesInContainer (/usr/share/code/resources/app/extensions/node_modules/typescript/lib/tsserver.js:70186:21)
    at getReferencesInSourceFile (/usr/share/code/resources/app/extensions/node_modules/typescript/lib/tsserver.js:70178:24)
    at searchForImportedSymbol (/usr/share/code/resources/app/extensions/node_modules/typescript/lib/tsserver.js:70038:21)
    at getImportOrExportReferences (/usr/share/code/resources/app/extensions/node_modules/typescript/lib/tsserver.js:70289:25)
    at getReferencesAtLocation (/usr/share/code/resources/app/extensions/node_modules/typescript/lib/tsserver.js:70231:17)
    at getReferencesInContainer (/usr/share/code/resources/app/extensions/node_modules/typescript/lib/tsserver.js:70186:21)
    at getReferencedSymbolsForSymbol (/usr/share/code/resources/app/extensions/node_modules/typescript/lib/tsserver.js:69904:25)
    at Object.getReferencedSymbolsForNode (/usr/share/code/resources/app/extensions/node_modules/typescript/lib/tsserver.js:69820:24)
    at Object.getReferenceEntriesForNode (/usr/share/code/resources/app/extensions/node_modules/typescript/lib/tsserver.js:69660:58)
    at getSemanticDocumentHighlights (/usr/share/code/resources/app/extensions/node_modules/typescript/lib/tsserver.js:68595:57)
    at Object.getDocumentHighlights (/usr/share/code/resources/app/extensions/node_modules/typescript/lib/tsserver.js:68584:20)
    at getDocumentHighlights (/usr/share/code/resources/app/extensions/node_modules/typescript/lib/tsserver.js:83133:42)
    at getOccurrencesAtPositionCore (/usr/share/code/resources/app/extensions/node_modules/typescript/lib/tsserver.js:83136:46)
    at Object.getOccurrencesAtPosition (/usr/share/code/resources/app/extensions/node_modules/typescript/lib/tsserver.js:83122:27)
    at IOSession.Session.getOccurrences (/usr/share/code/resources/app/extensions/node_modules/typescript/lib/tsserver.js:89656:64)
    at Session.handlers.ts.createMapFromTemplate._a.(anonymous function) (/usr/share/code/resources/app/extensions/node_modules/typescript/lib/tsserver.js:89272:61)
    at /usr/share/code/resources/app/extensions/node_modules/typescript/lib/tsserver.js:90553:88
    at IOSession.Session.executeWithRequestId (/usr/share/code/resources/app/extensions/node_modules/typescript/lib/tsserver.js:90544:28)
    at IOSession.Session.executeCommand (/usr/share/code/resources/app/extensions/node_modules/typescript/lib/tsserver.js:90553:33)
    at IOSession.Session.onMessage (/usr/share/code/resources/app/extensions/node_modules/typescript/lib/tsserver.js:90573:35)
    at Interface.<anonymous> (/usr/share/code/resources/app/extensions/node_modules/typescript/lib/tsserver.js:91774:27)
    at emitOne (events.js:96:13)
    at Interface.emit (events.js:191:7)
    at Interface._onLine (readline.js:241:10)
    at Interface._normalWrite (readline.js:384:12)
    at Socket.ondata (readline.js:101:10)
    at emitOne (events.js:96:13)
    at Socket.emit (events.js:191:7)
    at readableAddChunk (_stream_readable.js:178:18)
    at Socket.Readable.push (_stream_readable.js:136:10)
    at Pipe.onread (net.js:560:20)
[Error  - 1:49:29 PM] 'occurrences' request failed with error.
Error processing request. Debug Failure. False expression.
Error: Debug Failure. False expression.
    at addIndirectUser (/usr/share/code/resources/app/extensions/node_modules/typescript/lib/tsserver.js:69208:26)
    at handleDirectImports (/usr/share/code/resources/app/extensions/node_modules/typescript/lib/tsserver.js:69173:37)
    at getImportersForExport (/usr/share/code/resources/app/extensions/node_modules/typescript/lib/tsserver.js:69126:13)
    at State.importTracker (/usr/share/code/resources/app/extensions/node_modules/typescript/lib/tsserver.js:69103:26)
    at State.getImportSearches (/usr/share/code/resources/app/extensions/node_modules/typescript/lib/tsserver.js:69967:33)
    at searchForImportsOfExport (/usr/share/code/resources/app/extensions/node_modules/typescript/lib/tsserver.js:70003:32)
    at getImportOrExportReferences (/usr/share/code/resources/app/extensions/node_modules/typescript/lib/tsserver.js:70293:21)
    at getReferencesAtLocation (/usr/share/code/resources/app/extensions/node_modules/typescript/lib/tsserver.js:70231:17)
    at getReferencesInContainer (/usr/share/code/resources/app/extensions/node_modules/typescript/lib/tsserver.js:70186:21)
    at getReferencesInSourceFile (/usr/share/code/resources/app/extensions/node_modules/typescript/lib/tsserver.js:70178:24)
    at searchForImportedSymbol (/usr/share/code/resources/app/extensions/node_modules/typescript/lib/tsserver.js:70038:21)
    at getImportOrExportReferences (/usr/share/code/resources/app/extensions/node_modules/typescript/lib/tsserver.js:70289:25)
    at getReferencesAtLocation (/usr/share/code/resources/app/extensions/node_modules/typescript/lib/tsserver.js:70231:17)
    at getReferencesInContainer (/usr/share/code/resources/app/extensions/node_modules/typescript/lib/tsserver.js:70186:21)
    at getReferencedSymbolsForSymbol (/usr/share/code/resources/app/extensions/node_modules/typescript/lib/tsserver.js:69904:25)
    at Object.getReferencedSymbolsForNode (/usr/share/code/resources/app/extensions/node_modules/typescript/lib/tsserver.js:69820:24)
    at Object.getReferenceEntriesForNode (/usr/share/code/resources/app/extensions/node_modules/typescript/lib/tsserver.js:69660:58)
    at getSemanticDocumentHighlights (/usr/share/code/resources/app/extensions/node_modules/typescript/lib/tsserver.js:68595:57)
    at Object.getDocumentHighlights (/usr/share/code/resources/app/extensions/node_modules/typescript/lib/tsserver.js:68584:20)
    at getDocumentHighlights (/usr/share/code/resources/app/extensions/node_modules/typescript/lib/tsserver.js:83133:42)
    at getOccurrencesAtPositionCore (/usr/share/code/resources/app/extensions/node_modules/typescript/lib/tsserver.js:83136:46)
    at Object.getOccurrencesAtPosition (/usr/share/code/resources/app/extensions/node_modules/typescript/lib/tsserver.js:83122:27)
    at IOSession.Session.getOccurrences (/usr/share/code/resources/app/extensions/node_modules/typescript/lib/tsserver.js:89656:64)
    at Session.handlers.ts.createMapFromTemplate._a.(anonymous function) (/usr/share/code/resources/app/extensions/node_modules/typescript/lib/tsserver.js:89272:61)
    at /usr/share/code/resources/app/extensions/node_modules/typescript/lib/tsserver.js:90553:88
    at IOSession.Session.executeWithRequestId (/usr/share/code/resources/app/extensions/node_modules/typescript/lib/tsserver.js:90544:28)
    at IOSession.Session.executeCommand (/usr/share/code/resources/app/extensions/node_modules/typescript/lib/tsserver.js:90553:33)
    at IOSession.Session.onMessage (/usr/share/code/resources/app/extensions/node_modules/typescript/lib/tsserver.js:90573:35)
    at Interface.<anonymous> (/usr/share/code/resources/app/extensions/node_modules/typescript/lib/tsserver.js:91774:27)
    at emitOne (events.js:96:13)
    at Interface.emit (events.js:191:7)
    at Interface._onLine (readline.js:241:10)
    at Interface._normalWrite (readline.js:384:12)
    at Socket.ondata (readline.js:101:10)
    at emitOne (events.js:96:13)
    at Socket.emit (events.js:191:7)
    at readableAddChunk (_stream_readable.js:178:18)
    at Socket.Readable.push (_stream_readable.js:136:10)
    at Pipe.onread (net.js:560:20)
[Error  - 1:53:58 PM] 'completions' request failed with error.
Error processing request. Cannot read property 'flags' of undefined
TypeError: Cannot read property 'flags' of undefined
    at getPropertiesForCompletion (/usr/share/code/resources/app/extensions/node_modules/typescript/lib/tsserver.js:68559:23)
    at addTypeProperties (/usr/share/code/resources/app/extensions/node_modules/typescript/lib/tsserver.js:67684:49)
    at getTypeScriptMemberSymbols (/usr/share/code/resources/app/extensions/node_modules/typescript/lib/tsserver.js:67679:21)
    at getCompletionData (/usr/share/code/resources/app/extensions/node_modules/typescript/lib/tsserver.js:67612:17)
    at Object.getCompletionsAtPosition (/usr/share/code/resources/app/extensions/node_modules/typescript/lib/tsserver.js:67005:34)
    at Object.getCompletionsAtPosition (/usr/share/code/resources/app/extensions/node_modules/typescript/lib/tsserver.js:83037:35)
    at IOSession.Session.getCompletions (/usr/share/code/resources/app/extensions/node_modules/typescript/lib/tsserver.js:90076:64)
    at Session.handlers.ts.createMapFromTemplate._a.(anonymous function) (/usr/share/code/resources/app/extensions/node_modules/typescript/lib/tsserver.js:89177:61)
    at /usr/share/code/resources/app/extensions/node_modules/typescript/lib/tsserver.js:90553:88
    at IOSession.Session.executeWithRequestId (/usr/share/code/resources/app/extensions/node_modules/typescript/lib/tsserver.js:90544:28)
    at IOSession.Session.executeCommand (/usr/share/code/resources/app/extensions/node_modules/typescript/lib/tsserver.js:90553:33)
    at IOSession.Session.onMessage (/usr/share/code/resources/app/extensions/node_modules/typescript/lib/tsserver.js:90573:35)
    at Interface.<anonymous> (/usr/share/code/resources/app/extensions/node_modules/typescript/lib/tsserver.js:91774:27)
    at emitOne (events.js:96:13)
    at Interface.emit (events.js:191:7)
    at Interface._onLine (readline.js:241:10)
    at Interface._normalWrite (readline.js:384:12)
    at Socket.ondata (readline.js:101:10)
    at emitOne (events.js:96:13)
    at Socket.emit (events.js:191:7)
    at readableAddChunk (_stream_readable.js:178:18)
    at Socket.Readable.push (_stream_readable.js:136:10)
    at Pipe.onread (net.js:560:20)
[Error  - 2:26:32 PM] 'getApplicableRefactors' request failed with error.
Error processing request. Cannot read property 'name' of undefined
TypeError: Cannot read property 'name' of undefined
    at getConvertibleImportAtPosition (/usr/share/code/resources/app/extensions/node_modules/typescript/lib/tsserver.js:82020:49)
    at Object.getAvailableActions (/usr/share/code/resources/app/extensions/node_modules/typescript/lib/tsserver.js:81969:34)
    at /usr/share/code/resources/app/extensions/node_modules/typescript/lib/tsserver.js:77283:128
    at getIterator (/usr/share/code/resources/app/extensions/node_modules/typescript/lib/tsserver.js:1734:23)
    at Object.next (/usr/share/code/resources/app/extensions/node_modules/typescript/lib/tsserver.js:1729:35)
    at Object.arrayFrom (/usr/share/code/resources/app/extensions/node_modules/typescript/lib/tsserver.js:2268:32)
    at Object.getApplicableRefactors (/usr/share/code/resources/app/extensions/node_modules/typescript/lib/tsserver.js:77282:23)
    at Object.getApplicableRefactors (/usr/share/code/resources/app/extensions/node_modules/typescript/lib/tsserver.js:83497:32)
    at IOSession.Session.getApplicableRefactors (/usr/share/code/resources/app/extensions/node_modules/typescript/lib/tsserver.js:90354:53)
    at Session.handlers.ts.createMapFromTemplate._a.(anonymous function) (/usr/share/code/resources/app/extensions/node_modules/typescript/lib/tsserver.js:89310:61)
    at /usr/share/code/resources/app/extensions/node_modules/typescript/lib/tsserver.js:90553:88
    at IOSession.Session.executeWithRequestId (/usr/share/code/resources/app/extensions/node_modules/typescript/lib/tsserver.js:90544:28)
    at IOSession.Session.executeCommand (/usr/share/code/resources/app/extensions/node_modules/typescript/lib/tsserver.js:90553:33)
    at IOSession.Session.onMessage (/usr/share/code/resources/app/extensions/node_modules/typescript/lib/tsserver.js:90573:35)
    at Interface.<anonymous> (/usr/share/code/resources/app/extensions/node_modules/typescript/lib/tsserver.js:91774:27)
    at emitOne (events.js:96:13)
    at Interface.emit (events.js:191:7)
    at Interface._onLine (readline.js:241:10)
    at Interface._normalWrite (readline.js:384:12)
    at Socket.ondata (readline.js:101:10)
    at emitOne (events.js:96:13)
    at Socket.emit (events.js:191:7)
    at readableAddChunk (_stream_readable.js:178:18)
    at Socket.Readable.push (_stream_readable.js:136:10)
    at Pipe.onread (net.js:560:20)
